# JRE version: OpenJDK Runtime Environment Temurin-17.0.7+7 (17.0.7+7) (build 17.0.7+7)
# Java VM: OpenJDK 64-Bit Server VM Temurin-17.0.7+7 (17.0.7+7, mixed mode, emulated-client, tiered, compressed oops, compressed class ptrs, g1 gc, windows-amd64)
GC Precious Log:
 CPUs: 8 total, 8 available
 Memory: 8050M
 Large Page Support: Disabled
 NUMA Support: Disabled
 Compressed Oops: Enabled (32-bit)
 Heap Region Size: 1M
 Heap Min Capacity: 8M
 Heap Initial Capacity: 126M
 Heap Max Capacity: 1G
 Pre-touch: Disabled
 Parallel Workers: 8
 Concurrent Workers: 2
 Concurrent Refinement Workers: 8
 Periodic GC: Disabled
Heap:
 garbage-first heap   total 133120K, used 48854K [0x00000000c0000000, 0x0000000100000000)
  region size 1024K, 1 young (1024K), 0 survivors (0K)
 Metaspace       used 68541K, committed 69056K, reserved 1114112K
  class space    used 9086K, committed 9344K, reserved 1048576K
GC Heap History (20 events):
Event: 19062.404 GC heap before
{Heap before GC invocations=1063 (full 691):
 garbage-first heap   total 133120K, used 48841K [0x00000000c0000000, 0x0000000100000000)
  region size 1024K, 1 young (1024K), 0 survivors (0K)
 Metaspace       used 68531K, committed 69056K, reserved 1114112K
  class space    used 9084K, committed 9344K, reserved 1048576K
}
Event: 19062.508 GC heap after
{Heap after GC invocations=1064 (full 692):
 garbage-first heap   total 133120K, used 48841K [0x00000000c0000000, 0x0000000100000000)
  region size 1024K, 0 young (0K), 0 survivors (0K)
 Metaspace       used 68531K, committed 69056K, reserved 1114112K
  class space    used 9084K, committed 9344K, reserved 1048576K
}
Event: 19072.682 GC heap before
{Heap before GC invocations=1064 (full 692):
 garbage-first heap   total 133120K, used 48841K [0x00000000c0000000, 0x0000000100000000)
  region size 1024K, 1 young (1024K), 0 survivors (0K)
 Metaspace       used 68531K, committed 69056K, reserved 1114112K
  class space    used 9084K, committed 9344K, reserved 1048576K
}
Event: 19072.763 GC heap after
{Heap after GC invocations=1065 (full 693):
 garbage-first heap   total 133120K, used 48841K [0x00000000c0000000, 0x0000000100000000)
  region size 1024K, 0 young (0K), 0 survivors (0K)
 Metaspace       used 68531K, committed 69056K, reserved 1114112K
  class space    used 9084K, committed 9344K, reserved 1048576K
}
Event: 19082.976 GC heap before
{Heap before GC invocations=1065 (full 693):
 garbage-first heap   total 133120K, used 48841K [0x00000000c0000000, 0x0000000100000000)
  region size 1024K, 1 young (1024K), 0 survivors (0K)
 Metaspace       used 68531K, committed 69056K, reserved 1114112K
  class space    used 9084K, committed 9344K, reserved 1048576K
}
Event: 19083.092 GC heap after
{Heap after GC invocations=1066 (full 694):
 garbage-first heap   total 133120K, used 48841K [0x00000000c0000000, 0x0000000100000000)
  region size 1024K, 0 young (0K), 0 survivors (0K)
 Metaspace       used 68531K, committed 69056K, reserved 1114112K
  class space    used 9084K, committed 9344K, reserved 1048576K
}
Event: 19093.317 GC heap before
{Heap before GC invocations=1066 (full 694):
 garbage-first heap   total 133120K, used 48841K [0x00000000c0000000, 0x0000000100000000)
  region size 1024K, 1 young (1024K), 0 survivors (0K)
 Metaspace       used 68531K, committed 69056K, reserved 1114112K
  class space    used 9084K, committed 9344K, reserved 1048576K
}
Event: 19093.390 GC heap after
{Heap after GC invocations=1067 (full 695):
 garbage-first heap   total 133120K, used 48841K [0x00000000c0000000, 0x0000000100000000)
  region size 1024K, 0 young (0K), 0 survivors (0K)
 Metaspace       used 68531K, committed 69056K, reserved 1114112K
  class space    used 9084K, committed 9344K, reserved 1048576K
}
Event: 19103.699 GC heap before
{Heap before GC invocations=1067 (full 695):
 garbage-first heap   total 133120K, used 48841K [0x00000000c0000000, 0x0000000100000000)
  region size 1024K, 1 young (1024K), 0 survivors (0K)
 Metaspace       used 68541K, committed 69056K, reserved 1114112K
  class space    used 9086K, committed 9344K, reserved 1048576K
}
Event: 19103.812 GC heap after
{Heap after GC invocations=1068 (full 696):
 garbage-first heap   total 133120K, used 48854K [0x00000000c0000000, 0x0000000100000000)
  region size 1024K, 0 young (0K), 0 survivors (0K)
 Metaspace       used 68541K, committed 69056K, reserved 1114112K
  class space    used 9086K, committed 9344K, reserved 1048576K
}
Event: 19113.970 GC heap before
{Heap before GC invocations=1068 (full 696):
 garbage-first heap   total 133120K, used 48854K [0x00000000c0000000, 0x0000000100000000)
  region size 1024K, 1 young (1024K), 0 survivors (0K)
 Metaspace       used 68541K, committed 69056K, reserved 1114112K
  class space    used 9086K, committed 9344K, reserved 1048576K
}
Event: 19114.056 GC heap after
{Heap after GC invocations=1069 (full 697):
 garbage-first heap   total 133120K, used 48854K [0x00000000c0000000, 0x0000000100000000)
  region size 1024K, 0 young (0K), 0 survivors (0K)
 Metaspace       used 68541K, committed 69056K, reserved 1114112K
  class space    used 9086K, committed 9344K, reserved 1048576K
}
Event: 19124.355 GC heap before
{Heap before GC invocations=1069 (full 697):
 garbage-first heap   total 133120K, used 48854K [0x00000000c0000000, 0x0000000100000000)
  region size 1024K, 1 young (1024K), 0 survivors (0K)
 Metaspace       used 68541K, committed 69056K, reserved 1114112K
  class space    used 9086K, committed 9344K, reserved 1048576K
}
Event: 19124.457 GC heap after
{Heap after GC invocations=1070 (full 698):
 garbage-first heap   total 133120K, used 48854K [0x00000000c0000000, 0x0000000100000000)
  region size 1024K, 0 young (0K), 0 survivors (0K)
 Metaspace       used 68541K, committed 69056K, reserved 1114112K
  class space    used 9086K, committed 9344K, reserved 1048576K
}
Event: 19134.615 GC heap before
{Heap before GC invocations=1070 (full 698):
 garbage-first heap   total 133120K, used 48854K [0x00000000c0000000, 0x0000000100000000)
  region size 1024K, 1 young (1024K), 0 survivors (0K)
 Metaspace       used 68541K, committed 69056K, reserved 1114112K
  class space    used 9086K, committed 9344K, reserved 1048576K
}
Event: 19134.692 GC heap after
{Heap after GC invocations=1071 (full 699):
 garbage-first heap   total 133120K, used 48854K [0x00000000c0000000, 0x0000000100000000)
  region size 1024K, 0 young (0K), 0 survivors (0K)
 Metaspace       used 68541K, committed 69056K, reserved 1114112K
  class space    used 9086K, committed 9344K, reserved 1048576K
}
Event: 19154.880 GC heap before
{Heap before GC invocations=1071 (full 699):
 garbage-first heap   total 133120K, used 48854K [0x00000000c0000000, 0x0000000100000000)
  region size 1024K, 1 young (1024K), 0 survivors (0K)
 Metaspace       used 68541K, committed 69056K, reserved 1114112K
  class space    used 9086K, committed 9344K, reserved 1048576K
}
Event: 19154.983 GC heap after
{Heap after GC invocations=1072 (full 700):
 garbage-first heap   total 133120K, used 48854K [0x00000000c0000000, 0x0000000100000000)
  region size 1024K, 0 young (0K), 0 survivors (0K)
 Metaspace       used 68541K, committed 69056K, reserved 1114112K
  class space    used 9086K, committed 9344K, reserved 1048576K
}
Event: 19165.174 GC heap before
{Heap before GC invocations=1072 (full 700):
 garbage-first heap   total 133120K, used 48854K [0x00000000c0000000, 0x0000000100000000)
  region size 1024K, 1 young (1024K), 0 survivors (0K)
 Metaspace       used 68541K, committed 69056K, reserved 1114112K
  class space    used 9086K, committed 9344K, reserved 1048576K
}
Event: 19165.240 GC heap after
{Heap after GC invocations=1073 (full 701):
 garbage-first heap   total 133120K, used 48854K [0x00000000c0000000, 0x0000000100000000)
  region size 1024K, 0 young (0K), 0 survivors (0K)
 Metaspace       used 68541K, committed 69056K, reserved 1114112K
  class space    used 9086K, committed 9344K, reserved 1048576K
}

