# JRE version: OpenJDK Runtime Environment Temurin-17.0.7+7 (17.0.7+7) (build 17.0.7+7)
# Java VM: OpenJDK 64-Bit Server VM Temurin-17.0.7+7 (17.0.7+7, mixed mode, emulated-client, tiered, compressed oops, compressed class ptrs, g1 gc, windows-amd64)
GC Precious Log:
 CPUs: 8 total, 8 available
 Memory: 8050M
 Large Page Support: Disabled
 NUMA Support: Disabled
 Compressed Oops: Enabled (32-bit)
 Heap Region Size: 1M
 Heap Min Capacity: 8M
 Heap Initial Capacity: 126M
 Heap Max Capacity: 1G
 Pre-touch: Disabled
 Parallel Workers: 8
 Concurrent Workers: 2
 Concurrent Refinement Workers: 8
 Periodic GC: Disabled
Heap:
 garbage-first heap   total 242688K, used 84398K [0x00000000c0000000, 0x0000000100000000)
  region size 1024K, 10 young (10240K), 10 survivors (10240K)
 Metaspace       used 41520K, committed 41920K, reserved 1114112K
  class space    used 5104K, committed 5312K, reserved 1048576K
GC Heap History (20 events):
Event: 4.436 GC heap after
{Heap after GC invocations=15 (full 0):
 garbage-first heap   total 80896K, used 30591K [0x00000000c0000000, 0x0000000100000000)
  region size 1024K, 2 young (2048K), 2 survivors (2048K)
 Metaspace       used 38484K, committed 38912K, reserved 1114112K
  class space    used 4838K, committed 5056K, reserved 1048576K
}
Event: 4.533 GC heap before
{Heap before GC invocations=16 (full 0):
 garbage-first heap   total 80896K, used 57215K [0x00000000c0000000, 0x0000000100000000)
  region size 1024K, 29 young (29696K), 2 survivors (2048K)
 Metaspace       used 39155K, committed 39616K, reserved 1114112K
  class space    used 4891K, committed 5120K, reserved 1048576K
}
Event: 4.539 GC heap after
{Heap after GC invocations=17 (full 0):
 garbage-first heap   total 80896K, used 34842K [0x00000000c0000000, 0x0000000100000000)
  region size 1024K, 4 young (4096K), 4 survivors (4096K)
 Metaspace       used 39155K, committed 39616K, reserved 1114112K
  class space    used 4891K, committed 5120K, reserved 1048576K
}
Event: 4.597 GC heap before
{Heap before GC invocations=17 (full 0):
 garbage-first heap   total 80896K, used 58394K [0x00000000c0000000, 0x0000000100000000)
  region size 1024K, 28 young (28672K), 4 survivors (4096K)
 Metaspace       used 39700K, committed 40128K, reserved 1114112K
  class space    used 4941K, committed 5120K, reserved 1048576K
}
Event: 4.603 GC heap after
{Heap after GC invocations=18 (full 0):
 garbage-first heap   total 80896K, used 39569K [0x00000000c0000000, 0x0000000100000000)
  region size 1024K, 4 young (4096K), 4 survivors (4096K)
 Metaspace       used 39700K, committed 40128K, reserved 1114112K
  class space    used 4941K, committed 5120K, reserved 1048576K
}
Event: 4.644 GC heap before
{Heap before GC invocations=18 (full 0):
 garbage-first heap   total 80896K, used 60049K [0x00000000c0000000, 0x0000000100000000)
  region size 1024K, 26 young (26624K), 4 survivors (4096K)
 Metaspace       used 40055K, committed 40448K, reserved 1114112K
  class space    used 4952K, committed 5120K, reserved 1048576K
}
Event: 4.650 GC heap after
{Heap after GC invocations=19 (full 0):
 garbage-first heap   total 80896K, used 45633K [0x00000000c0000000, 0x0000000100000000)
  region size 1024K, 4 young (4096K), 4 survivors (4096K)
 Metaspace       used 40055K, committed 40448K, reserved 1114112K
  class space    used 4952K, committed 5120K, reserved 1048576K
}
Event: 4.689 GC heap before
{Heap before GC invocations=19 (full 0):
 garbage-first heap   total 80896K, used 60993K [0x00000000c0000000, 0x0000000100000000)
  region size 1024K, 20 young (20480K), 4 survivors (4096K)
 Metaspace       used 40458K, committed 40896K, reserved 1114112K
  class space    used 4974K, committed 5184K, reserved 1048576K
}
Event: 4.695 GC heap after
{Heap after GC invocations=20 (full 0):
 garbage-first heap   total 80896K, used 49371K [0x00000000c0000000, 0x0000000100000000)
  region size 1024K, 3 young (3072K), 3 survivors (3072K)
 Metaspace       used 40458K, committed 40896K, reserved 1114112K
  class space    used 4974K, committed 5184K, reserved 1048576K
}
Event: 4.774 GC heap before
{Heap before GC invocations=21 (full 0):
 garbage-first heap   total 97280K, used 63707K [0x00000000c0000000, 0x0000000100000000)
  region size 1024K, 17 young (17408K), 3 survivors (3072K)
 Metaspace       used 40931K, committed 41280K, reserved 1114112K
  class space    used 5021K, committed 5184K, reserved 1048576K
}
Event: 4.779 GC heap after
{Heap after GC invocations=22 (full 0):
 garbage-first heap   total 97280K, used 54150K [0x00000000c0000000, 0x0000000100000000)
  region size 1024K, 3 young (3072K), 3 survivors (3072K)
 Metaspace       used 40931K, committed 41280K, reserved 1114112K
  class space    used 5021K, committed 5184K, reserved 1048576K
}
Event: 4.785 GC heap before
{Heap before GC invocations=22 (full 0):
 garbage-first heap   total 97280K, used 54150K [0x00000000c0000000, 0x0000000100000000)
  region size 1024K, 4 young (4096K), 3 survivors (3072K)
 Metaspace       used 41004K, committed 41408K, reserved 1114112K
  class space    used 5029K, committed 5248K, reserved 1048576K
}
Event: 4.790 GC heap after
{Heap after GC invocations=23 (full 0):
 garbage-first heap   total 242688K, used 54413K [0x00000000c0000000, 0x0000000100000000)
  region size 1024K, 1 young (1024K), 1 survivors (1024K)
 Metaspace       used 41004K, committed 41408K, reserved 1114112K
  class space    used 5029K, committed 5248K, reserved 1048576K
}
Event: 4.923 GC heap before
{Heap before GC invocations=23 (full 0):
 garbage-first heap   total 242688K, used 144525K [0x00000000c0000000, 0x0000000100000000)
  region size 1024K, 89 young (91136K), 1 survivors (1024K)
 Metaspace       used 41402K, committed 41792K, reserved 1114112K
  class space    used 5086K, committed 5248K, reserved 1048576K
}
Event: 4.950 GC heap after
{Heap after GC invocations=24 (full 0):
 garbage-first heap   total 242688K, used 70262K [0x00000000c0000000, 0x0000000100000000)
  region size 1024K, 12 young (12288K), 12 survivors (12288K)
 Metaspace       used 41402K, committed 41792K, reserved 1114112K
  class space    used 5086K, committed 5248K, reserved 1048576K
}
Event: 4.977 GC heap before
{Heap before GC invocations=24 (full 0):
 garbage-first heap   total 242688K, used 154230K [0x00000000c0000000, 0x0000000100000000)
  region size 1024K, 95 young (97280K), 12 survivors (12288K)
 Metaspace       used 41467K, committed 41856K, reserved 1114112K
  class space    used 5097K, committed 5248K, reserved 1048576K
}
Event: 4.985 GC heap after
{Heap after GC invocations=25 (full 0):
 garbage-first heap   total 242688K, used 74939K [0x00000000c0000000, 0x0000000100000000)
  region size 1024K, 5 young (5120K), 5 survivors (5120K)
 Metaspace       used 41467K, committed 41856K, reserved 1114112K
  class space    used 5097K, committed 5248K, reserved 1048576K
}
Event: 5.015 GC heap before
{Heap before GC invocations=25 (full 0):
 garbage-first heap   total 242688K, used 163003K [0x00000000c0000000, 0x0000000100000000)
  region size 1024K, 92 young (94208K), 5 survivors (5120K)
 Metaspace       used 41520K, committed 41920K, reserved 1114112K
  class space    used 5104K, committed 5312K, reserved 1048576K
}
Event: 5.019 GC heap after
{Heap after GC invocations=26 (full 0):
 garbage-first heap   total 242688K, used 80426K [0x00000000c0000000, 0x0000000100000000)
  region size 1024K, 10 young (10240K), 10 survivors (10240K)
 Metaspace       used 41520K, committed 41920K, reserved 1114112K
  class space    used 5104K, committed 5312K, reserved 1048576K
}
Event: 5.045 GC heap before
{Heap before GC invocations=26 (full 0):
 garbage-first heap   total 242688K, used 173610K [0x00000000c0000000, 0x0000000100000000)
  region size 1024K, 102 young (104448K), 10 survivors (10240K)
 Metaspace       used 41520K, committed 41920K, reserved 1114112K
  class space    used 5104K, committed 5312K, reserved 1048576K
}

