# JRE version: OpenJDK Runtime Environment Temurin-17.0.7+7 (17.0.7+7) (build 17.0.7+7)
# Java VM: OpenJDK 64-Bit Server VM Temurin-17.0.7+7 (17.0.7+7, mixed mode, emulated-client, tiered, compressed oops, compressed class ptrs, g1 gc, windows-amd64)
GC Precious Log:
 CPUs: 8 total, 8 available
 Memory: 8050M
 Large Page Support: Disabled
 NUMA Support: Disabled
 Compressed Oops: Enabled (32-bit)
 Heap Region Size: 1M
 Heap Min Capacity: 8M
 Heap Initial Capacity: 126M
 Heap Max Capacity: 1G
 Pre-touch: Disabled
 Parallel Workers: 8
 Concurrent Workers: 2
 Concurrent Refinement Workers: 8
 Periodic GC: Disabled
Heap:
 garbage-first heap   total 520192K, used 232702K [0x00000000c0000000, 0x0000000100000000)
  region size 1024K, 81 young (82944K), 31 survivors (31744K)
 Metaspace       used 53124K, committed 53568K, reserved 1114112K
  class space    used 6437K, committed 6656K, reserved 1048576K
GC Heap History (20 events):
Event: 6.422 GC heap before
{Heap before GC invocations=22 (full 0):
 garbage-first heap   total 221184K, used 152576K [0x00000000c0000000, 0x0000000100000000)
  region size 1024K, 81 young (82944K), 4 survivors (4096K)
 Metaspace       used 41521K, committed 41920K, reserved 1114112K
  class space    used 5105K, committed 5312K, reserved 1048576K
}
Event: 6.426 GC heap after
{Heap after GC invocations=23 (full 0):
 garbage-first heap   total 221184K, used 77936K [0x00000000c0000000, 0x0000000100000000)
  region size 1024K, 8 young (8192K), 8 survivors (8192K)
 Metaspace       used 41521K, committed 41920K, reserved 1114112K
  class space    used 5105K, committed 5312K, reserved 1048576K
}
Event: 6.451 GC heap before
{Heap before GC invocations=23 (full 0):
 garbage-first heap   total 221184K, used 159856K [0x00000000c0000000, 0x0000000100000000)
  region size 1024K, 89 young (91136K), 8 survivors (8192K)
 Metaspace       used 41521K, committed 41920K, reserved 1114112K
  class space    used 5105K, committed 5312K, reserved 1048576K
}
Event: 6.458 GC heap after
{Heap after GC invocations=24 (full 0):
 garbage-first heap   total 387072K, used 83714K [0x00000000c0000000, 0x0000000100000000)
  region size 1024K, 10 young (10240K), 10 survivors (10240K)
 Metaspace       used 41521K, committed 41920K, reserved 1114112K
  class space    used 5105K, committed 5312K, reserved 1048576K
}
Event: 6.533 GC heap before
{Heap before GC invocations=24 (full 0):
 garbage-first heap   total 387072K, used 257794K [0x00000000c0000000, 0x0000000100000000)
  region size 1024K, 181 young (185344K), 10 survivors (10240K)
 Metaspace       used 41521K, committed 41920K, reserved 1114112K
  class space    used 5105K, committed 5312K, reserved 1048576K
}
Event: 6.540 GC heap after
{Heap after GC invocations=25 (full 0):
 garbage-first heap   total 387072K, used 93251K [0x00000000c0000000, 0x0000000100000000)
  region size 1024K, 20 young (20480K), 20 survivors (20480K)
 Metaspace       used 41521K, committed 41920K, reserved 1114112K
  class space    used 5105K, committed 5312K, reserved 1048576K
}
Event: 6.610 GC heap before
{Heap before GC invocations=25 (full 0):
 garbage-first heap   total 387072K, used 292931K [0x00000000c0000000, 0x0000000100000000)
  region size 1024K, 215 young (220160K), 20 survivors (20480K)
 Metaspace       used 41629K, committed 42176K, reserved 1114112K
  class space    used 5128K, committed 5376K, reserved 1048576K
}
Event: 6.620 GC heap after
{Heap after GC invocations=26 (full 0):
 garbage-first heap   total 387072K, used 102715K [0x00000000c0000000, 0x0000000100000000)
  region size 1024K, 19 young (19456K), 19 survivors (19456K)
 Metaspace       used 41629K, committed 42176K, reserved 1114112K
  class space    used 5128K, committed 5376K, reserved 1048576K
}
Event: 6.681 GC heap before
{Heap before GC invocations=26 (full 0):
 garbage-first heap   total 387072K, used 300347K [0x00000000c0000000, 0x0000000100000000)
  region size 1024K, 213 young (218112K), 19 survivors (19456K)
 Metaspace       used 41679K, committed 42176K, reserved 1114112K
  class space    used 5131K, committed 5376K, reserved 1048576K
}
Event: 6.693 GC heap after
{Heap after GC invocations=27 (full 0):
 garbage-first heap   total 387072K, used 112446K [0x00000000c0000000, 0x0000000100000000)
  region size 1024K, 19 young (19456K), 19 survivors (19456K)
 Metaspace       used 41679K, committed 42176K, reserved 1114112K
  class space    used 5131K, committed 5376K, reserved 1048576K
}
Event: 6.757 GC heap before
{Heap before GC invocations=27 (full 0):
 garbage-first heap   total 387072K, used 307006K [0x00000000c0000000, 0x0000000100000000)
  region size 1024K, 210 young (215040K), 19 survivors (19456K)
 Metaspace       used 41716K, committed 42176K, reserved 1114112K
  class space    used 5141K, committed 5376K, reserved 1048576K
}
Event: 6.770 GC heap after
{Heap after GC invocations=28 (full 0):
 garbage-first heap   total 520192K, used 120604K [0x00000000c0000000, 0x0000000100000000)
  region size 1024K, 18 young (18432K), 18 survivors (18432K)
 Metaspace       used 41716K, committed 42176K, reserved 1114112K
  class space    used 5141K, committed 5376K, reserved 1048576K
}
Event: 6.879 GC heap before
{Heap before GC invocations=28 (full 0):
 garbage-first heap   total 520192K, used 412444K [0x00000000c0000000, 0x0000000100000000)
  region size 1024K, 304 young (311296K), 18 survivors (18432K)
 Metaspace       used 42188K, committed 42624K, reserved 1114112K
  class space    used 5168K, committed 5376K, reserved 1048576K
}
Event: 6.891 GC heap after
{Heap after GC invocations=29 (full 0):
 garbage-first heap   total 520192K, used 132076K [0x00000000c0000000, 0x0000000100000000)
  region size 1024K, 29 young (29696K), 29 survivors (29696K)
 Metaspace       used 42188K, committed 42624K, reserved 1114112K
  class space    used 5168K, committed 5376K, reserved 1048576K
}
Event: 6.968 GC heap before
{Heap before GC invocations=29 (full 0):
 garbage-first heap   total 520192K, used 412652K [0x00000000c0000000, 0x0000000100000000)
  region size 1024K, 304 young (311296K), 29 survivors (29696K)
 Metaspace       used 42643K, committed 43136K, reserved 1114112K
  class space    used 5186K, committed 5440K, reserved 1048576K
}
Event: 6.983 GC heap after
{Heap after GC invocations=30 (full 0):
 garbage-first heap   total 520192K, used 150707K [0x00000000c0000000, 0x0000000100000000)
  region size 1024K, 38 young (38912K), 38 survivors (38912K)
 Metaspace       used 42643K, committed 43136K, reserved 1114112K
  class space    used 5186K, committed 5440K, reserved 1048576K
}
Event: 7.334 GC heap before
{Heap before GC invocations=30 (full 0):
 garbage-first heap   total 520192K, used 421043K [0x00000000c0000000, 0x0000000100000000)
  region size 1024K, 303 young (310272K), 38 survivors (38912K)
 Metaspace       used 48120K, committed 48512K, reserved 1114112K
  class space    used 5824K, committed 6016K, reserved 1048576K
}
Event: 7.350 GC heap after
{Heap after GC invocations=31 (full 0):
 garbage-first heap   total 520192K, used 164973K [0x00000000c0000000, 0x0000000100000000)
  region size 1024K, 33 young (33792K), 33 survivors (33792K)
 Metaspace       used 48120K, committed 48512K, reserved 1114112K
  class space    used 5824K, committed 6016K, reserved 1048576K
}
Event: 7.709 GC heap before
{Heap before GC invocations=31 (full 0):
 garbage-first heap   total 520192K, used 425069K [0x00000000c0000000, 0x0000000100000000)
  region size 1024K, 287 young (293888K), 33 survivors (33792K)
 Metaspace       used 51952K, committed 52416K, reserved 1114112K
  class space    used 6252K, committed 6464K, reserved 1048576K
}
Event: 7.725 GC heap after
{Heap after GC invocations=32 (full 0):
 garbage-first heap   total 520192K, used 183550K [0x00000000c0000000, 0x0000000100000000)
  region size 1024K, 31 young (31744K), 31 survivors (31744K)
 Metaspace       used 51952K, committed 52416K, reserved 1114112K
  class space    used 6252K, committed 6464K, reserved 1048576K
}

