# JRE version: OpenJDK Runtime Environment Temurin-17.0.7+7 (17.0.7+7) (build 17.0.7+7)
# Java VM: OpenJDK 64-Bit Server VM Temurin-17.0.7+7 (17.0.7+7, mixed mode, emulated-client, tiered, compressed oops, compressed class ptrs, g1 gc, windows-amd64)
GC Precious Log:
 CPUs: 8 total, 8 available
 Memory: 8050M
 Large Page Support: Disabled
 NUMA Support: Disabled
 Compressed Oops: Enabled (32-bit)
 Heap Region Size: 1M
 Heap Min Capacity: 8M
 Heap Initial Capacity: 126M
 Heap Max Capacity: 1G
 Pre-touch: Disabled
 Parallel Workers: 8
 Concurrent Workers: 2
 Concurrent Refinement Workers: 8
 Periodic GC: Disabled
Heap:
 garbage-first heap   total 454656K, used 155514K [0x00000000c0000000, 0x0000000100000000)
  region size 1024K, 28 young (28672K), 28 survivors (28672K)
 Metaspace       used 44190K, committed 44672K, reserved 1114112K
  class space    used 5339K, committed 5568K, reserved 1048576K
GC Heap History (20 events):
Event: 5.762 GC heap after
{Heap after GC invocations=22 (full 0):
 garbage-first heap   total 140288K, used 76982K [0x00000000c0000000, 0x0000000100000000)
  region size 1024K, 2 young (2048K), 2 survivors (2048K)
 Metaspace       used 41437K, committed 41856K, reserved 1114112K
  class space    used 5097K, committed 5312K, reserved 1048576K
}
Event: 5.775 GC heap before
{Heap before GC invocations=22 (full 0):
 garbage-first heap   total 140288K, used 107702K [0x00000000c0000000, 0x0000000100000000)
  region size 1024K, 33 young (33792K), 2 survivors (2048K)
 Metaspace       used 41491K, committed 41920K, reserved 1114112K
  class space    used 5103K, committed 5312K, reserved 1048576K
}
Event: 5.779 GC heap after
{Heap after GC invocations=23 (full 0):
 garbage-first heap   total 301056K, used 78157K [0x00000000c0000000, 0x0000000100000000)
  region size 1024K, 3 young (3072K), 3 survivors (3072K)
 Metaspace       used 41491K, committed 41920K, reserved 1114112K
  class space    used 5103K, committed 5312K, reserved 1048576K
}
Event: 5.850 GC heap before
{Heap before GC invocations=23 (full 0):
 garbage-first heap   total 301056K, used 197965K [0x00000000c0000000, 0x0000000100000000)
  region size 1024K, 121 young (123904K), 3 survivors (3072K)
 Metaspace       used 41520K, committed 41920K, reserved 1114112K
  class space    used 5105K, committed 5312K, reserved 1048576K
}
Event: 5.856 GC heap after
{Heap after GC invocations=24 (full 0):
 garbage-first heap   total 301056K, used 84429K [0x00000000c0000000, 0x0000000100000000)
  region size 1024K, 9 young (9216K), 9 survivors (9216K)
 Metaspace       used 41520K, committed 41920K, reserved 1114112K
  class space    used 5105K, committed 5312K, reserved 1048576K
}
Event: 5.917 GC heap before
{Heap before GC invocations=24 (full 0):
 garbage-first heap   total 301056K, used 223693K [0x00000000c0000000, 0x0000000100000000)
  region size 1024K, 147 young (150528K), 9 survivors (9216K)
 Metaspace       used 41585K, committed 42112K, reserved 1114112K
  class space    used 5118K, committed 5376K, reserved 1048576K
}
Event: 5.924 GC heap after
{Heap after GC invocations=25 (full 0):
 garbage-first heap   total 301056K, used 88980K [0x00000000c0000000, 0x0000000100000000)
  region size 1024K, 15 young (15360K), 15 survivors (15360K)
 Metaspace       used 41585K, committed 42112K, reserved 1114112K
  class space    used 5118K, committed 5376K, reserved 1048576K
}
Event: 5.982 GC heap before
{Heap before GC invocations=26 (full 0):
 garbage-first heap   total 301056K, used 232340K [0x00000000c0000000, 0x0000000100000000)
  region size 1024K, 155 young (158720K), 15 survivors (15360K)
 Metaspace       used 41672K, committed 42176K, reserved 1114112K
  class space    used 5131K, committed 5376K, reserved 1048576K
}
Event: 5.991 GC heap after
{Heap after GC invocations=27 (full 0):
 garbage-first heap   total 301056K, used 96201K [0x00000000c0000000, 0x0000000100000000)
  region size 1024K, 13 young (13312K), 13 survivors (13312K)
 Metaspace       used 41672K, committed 42176K, reserved 1114112K
  class space    used 5131K, committed 5376K, reserved 1048576K
}
Event: 5.992 GC heap before
{Heap before GC invocations=27 (full 0):
 garbage-first heap   total 301056K, used 98249K [0x00000000c0000000, 0x0000000100000000)
  region size 1024K, 17 young (17408K), 13 survivors (13312K)
 Metaspace       used 41674K, committed 42176K, reserved 1114112K
  class space    used 5131K, committed 5376K, reserved 1048576K
}
Event: 5.999 GC heap after
{Heap after GC invocations=28 (full 0):
 garbage-first heap   total 454656K, used 95788K [0x00000000c0000000, 0x0000000100000000)
  region size 1024K, 2 young (2048K), 2 survivors (2048K)
 Metaspace       used 41674K, committed 42176K, reserved 1114112K
  class space    used 5131K, committed 5376K, reserved 1048576K
}
Event: 6.099 GC heap before
{Heap before GC invocations=28 (full 0):
 garbage-first heap   total 454656K, used 334380K [0x00000000c0000000, 0x0000000100000000)
  region size 1024K, 236 young (241664K), 2 survivors (2048K)
 Metaspace       used 41709K, committed 42176K, reserved 1114112K
  class space    used 5141K, committed 5376K, reserved 1048576K
}
Event: 6.105 GC heap after
{Heap after GC invocations=29 (full 0):
 garbage-first heap   total 454656K, used 105077K [0x00000000c0000000, 0x0000000100000000)
  region size 1024K, 12 young (12288K), 12 survivors (12288K)
 Metaspace       used 41709K, committed 42176K, reserved 1114112K
  class space    used 5141K, committed 5376K, reserved 1048576K
}
Event: 6.183 GC heap before
{Heap before GC invocations=29 (full 0):
 garbage-first heap   total 454656K, used 358005K [0x00000000c0000000, 0x0000000100000000)
  region size 1024K, 260 young (266240K), 12 survivors (12288K)
 Metaspace       used 42084K, committed 42560K, reserved 1114112K
  class space    used 5154K, committed 5376K, reserved 1048576K
}
Event: 6.191 GC heap after
{Heap after GC invocations=30 (full 0):
 garbage-first heap   total 454656K, used 116267K [0x00000000c0000000, 0x0000000100000000)
  region size 1024K, 22 young (22528K), 22 survivors (22528K)
 Metaspace       used 42084K, committed 42560K, reserved 1114112K
  class space    used 5154K, committed 5376K, reserved 1048576K
}
Event: 6.265 GC heap before
{Heap before GC invocations=30 (full 0):
 garbage-first heap   total 454656K, used 365099K [0x00000000c0000000, 0x0000000100000000)
  region size 1024K, 266 young (272384K), 22 survivors (22528K)
 Metaspace       used 42177K, committed 42624K, reserved 1114112K
  class space    used 5170K, committed 5376K, reserved 1048576K
}
Event: 6.278 GC heap after
{Heap after GC invocations=31 (full 0):
 garbage-first heap   total 454656K, used 127092K [0x00000000c0000000, 0x0000000100000000)
  region size 1024K, 22 young (22528K), 22 survivors (22528K)
 Metaspace       used 42177K, committed 42624K, reserved 1114112K
  class space    used 5170K, committed 5376K, reserved 1048576K
}
Event: 6.348 GC heap before
{Heap before GC invocations=31 (full 0):
 garbage-first heap   total 454656K, used 370804K [0x00000000c0000000, 0x0000000100000000)
  region size 1024K, 261 young (267264K), 22 survivors (22528K)
 Metaspace       used 42750K, committed 43264K, reserved 1114112K
  class space    used 5195K, committed 5440K, reserved 1048576K
}
Event: 6.359 GC heap after
{Heap after GC invocations=32 (full 0):
 garbage-first heap   total 454656K, used 141110K [0x00000000c0000000, 0x0000000100000000)
  region size 1024K, 25 young (25600K), 25 survivors (25600K)
 Metaspace       used 42750K, committed 43264K, reserved 1114112K
  class space    used 5195K, committed 5440K, reserved 1048576K
}
Event: 6.630 GC heap before
{Heap before GC invocations=32 (full 0):
 garbage-first heap   total 454656K, used 372534K [0x00000000c0000000, 0x0000000100000000)
  region size 1024K, 252 young (258048K), 25 survivors (25600K)
 Metaspace       used 44190K, committed 44672K, reserved 1114112K
  class space    used 5339K, committed 5568K, reserved 1048576K
}

