# JRE version: OpenJDK Runtime Environment Temurin-17.0.7+7 (17.0.7+7) (build 17.0.7+7)
# Java VM: OpenJDK 64-Bit Server VM Temurin-17.0.7+7 (17.0.7+7, mixed mode, emulated-client, tiered, compressed oops, compressed class ptrs, g1 gc, windows-amd64)
GC Precious Log:
 CPUs: 8 total, 8 available
 Memory: 8050M
 Large Page Support: Disabled
 NUMA Support: Disabled
 Compressed Oops: Enabled (32-bit)
 Heap Region Size: 1M
 Heap Min Capacity: 8M
 Heap Initial Capacity: 126M
 Heap Max Capacity: 1G
 Pre-touch: Disabled
 Parallel Workers: 8
 Concurrent Workers: 2
 Concurrent Refinement Workers: 8
 Periodic GC: Disabled
Heap:
 garbage-first heap   total 229376K, used 85533K [0x00000000c0000000, 0x0000000100000000)
  region size 1024K, 8 young (8192K), 8 survivors (8192K)
 Metaspace       used 41586K, committed 42112K, reserved 1114112K
  class space    used 5117K, committed 5376K, reserved 1048576K
GC Heap History (20 events):
Event: 4.746 GC heap after
{Heap after GC invocations=16 (full 0):
 garbage-first heap   total 86016K, used 36477K [0x00000000c0000000, 0x0000000100000000)
  region size 1024K, 4 young (4096K), 4 survivors (4096K)
 Metaspace       used 39460K, committed 39872K, reserved 1114112K
  class space    used 4924K, committed 5120K, reserved 1048576K
}
Event: 4.804 GC heap before
{Heap before GC invocations=16 (full 0):
 garbage-first heap   total 86016K, used 62077K [0x00000000c0000000, 0x0000000100000000)
  region size 1024K, 30 young (30720K), 4 survivors (4096K)
 Metaspace       used 40021K, committed 40448K, reserved 1114112K
  class space    used 4953K, committed 5120K, reserved 1048576K
}
Event: 4.811 GC heap after
{Heap after GC invocations=17 (full 0):
 garbage-first heap   total 86016K, used 43031K [0x00000000c0000000, 0x0000000100000000)
  region size 1024K, 4 young (4096K), 4 survivors (4096K)
 Metaspace       used 40021K, committed 40448K, reserved 1114112K
  class space    used 4953K, committed 5120K, reserved 1048576K
}
Event: 4.855 GC heap before
{Heap before GC invocations=17 (full 0):
 garbage-first heap   total 86016K, used 62487K [0x00000000c0000000, 0x0000000100000000)
  region size 1024K, 24 young (24576K), 4 survivors (4096K)
 Metaspace       used 40456K, committed 40896K, reserved 1114112K
  class space    used 4975K, committed 5184K, reserved 1048576K
}
Event: 4.862 GC heap after
{Heap after GC invocations=18 (full 0):
 garbage-first heap   total 86016K, used 48351K [0x00000000c0000000, 0x0000000100000000)
  region size 1024K, 3 young (3072K), 3 survivors (3072K)
 Metaspace       used 40456K, committed 40896K, reserved 1114112K
  class space    used 4975K, committed 5184K, reserved 1048576K
}
Event: 4.956 GC heap before
{Heap before GC invocations=19 (full 0):
 garbage-first heap   total 101376K, used 64735K [0x00000000c0000000, 0x0000000100000000)
  region size 1024K, 19 young (19456K), 3 survivors (3072K)
 Metaspace       used 41150K, committed 41536K, reserved 1114112K
  class space    used 5047K, committed 5248K, reserved 1048576K
}
Event: 4.961 GC heap after
{Heap after GC invocations=20 (full 0):
 garbage-first heap   total 101376K, used 51891K [0x00000000c0000000, 0x0000000100000000)
  region size 1024K, 3 young (3072K), 3 survivors (3072K)
 Metaspace       used 41150K, committed 41536K, reserved 1114112K
  class space    used 5047K, committed 5248K, reserved 1048576K
}
Event: 4.970 GC heap before
{Heap before GC invocations=20 (full 0):
 garbage-first heap   total 101376K, used 52915K [0x00000000c0000000, 0x0000000100000000)
  region size 1024K, 5 young (5120K), 3 survivors (3072K)
 Metaspace       used 41150K, committed 41536K, reserved 1114112K
  class space    used 5047K, committed 5248K, reserved 1048576K
}
Event: 4.974 GC heap after
{Heap after GC invocations=21 (full 0):
 garbage-first heap   total 101376K, used 53223K [0x00000000c0000000, 0x0000000100000000)
  region size 1024K, 2 young (2048K), 2 survivors (2048K)
 Metaspace       used 41150K, committed 41536K, reserved 1114112K
  class space    used 5047K, committed 5248K, reserved 1048576K
}
Event: 5.034 GC heap before
{Heap before GC invocations=21 (full 0):
 garbage-first heap   total 101376K, used 71655K [0x00000000c0000000, 0x0000000100000000)
  region size 1024K, 20 young (20480K), 2 survivors (2048K)
 Metaspace       used 41297K, committed 41664K, reserved 1114112K
  class space    used 5076K, committed 5248K, reserved 1048576K
}
Event: 5.042 GC heap after
{Heap after GC invocations=22 (full 0):
 garbage-first heap   total 229376K, used 61735K [0x00000000c0000000, 0x0000000100000000)
  region size 1024K, 3 young (3072K), 3 survivors (3072K)
 Metaspace       used 41297K, committed 41664K, reserved 1114112K
  class space    used 5076K, committed 5248K, reserved 1048576K
}
Event: 5.132 GC heap before
{Heap before GC invocations=23 (full 0):
 garbage-first heap   total 215040K, used 132391K [0x00000000c0000000, 0x0000000100000000)
  region size 1024K, 72 young (73728K), 3 survivors (3072K)
 Metaspace       used 41414K, committed 41792K, reserved 1114112K
  class space    used 5091K, committed 5248K, reserved 1048576K
}
Event: 5.154 GC heap after
{Heap after GC invocations=24 (full 0):
 garbage-first heap   total 215040K, used 74137K [0x00000000c0000000, 0x0000000100000000)
  region size 1024K, 9 young (9216K), 9 survivors (9216K)
 Metaspace       used 41414K, committed 41792K, reserved 1114112K
  class space    used 5091K, committed 5248K, reserved 1048576K
}
Event: 5.156 GC heap before
{Heap before GC invocations=24 (full 0):
 garbage-first heap   total 215040K, used 75161K [0x00000000c0000000, 0x0000000100000000)
  region size 1024K, 10 young (10240K), 9 survivors (9216K)
 Metaspace       used 41419K, committed 41792K, reserved 1114112K
  class space    used 5091K, committed 5248K, reserved 1048576K
}
Event: 5.161 GC heap after
{Heap after GC invocations=25 (full 0):
 garbage-first heap   total 215040K, used 75307K [0x00000000c0000000, 0x0000000100000000)
  region size 1024K, 1 young (1024K), 1 survivors (1024K)
 Metaspace       used 41419K, committed 41792K, reserved 1114112K
  class space    used 5091K, committed 5248K, reserved 1048576K
}
Event: 5.186 GC heap before
{Heap before GC invocations=25 (full 0):
 garbage-first heap   total 215040K, used 141867K [0x00000000c0000000, 0x0000000100000000)
  region size 1024K, 67 young (68608K), 1 survivors (1024K)
 Metaspace       used 41518K, committed 41856K, reserved 1114112K
  class space    used 5104K, committed 5248K, reserved 1048576K
}
Event: 5.188 GC heap after
{Heap after GC invocations=26 (full 0):
 garbage-first heap   total 215040K, used 78484K [0x00000000c0000000, 0x0000000100000000)
  region size 1024K, 4 young (4096K), 4 survivors (4096K)
 Metaspace       used 41518K, committed 41856K, reserved 1114112K
  class space    used 5104K, committed 5248K, reserved 1048576K
}
Event: 5.209 GC heap before
{Heap before GC invocations=26 (full 0):
 garbage-first heap   total 215040K, used 146068K [0x00000000c0000000, 0x0000000100000000)
  region size 1024K, 71 young (72704K), 4 survivors (4096K)
 Metaspace       used 41567K, committed 42048K, reserved 1114112K
  class space    used 5111K, committed 5312K, reserved 1048576K
}
Event: 5.213 GC heap after
{Heap after GC invocations=27 (full 0):
 garbage-first heap   total 215040K, used 82571K [0x00000000c0000000, 0x0000000100000000)
  region size 1024K, 8 young (8192K), 8 survivors (8192K)
 Metaspace       used 41567K, committed 42048K, reserved 1114112K
  class space    used 5111K, committed 5312K, reserved 1048576K
}
Event: 5.233 GC heap before
{Heap before GC invocations=27 (full 0):
 garbage-first heap   total 215040K, used 153227K [0x00000000c0000000, 0x0000000100000000)
  region size 1024K, 78 young (79872K), 8 survivors (8192K)
 Metaspace       used 41586K, committed 42112K, reserved 1114112K
  class space    used 5117K, committed 5376K, reserved 1048576K
}

